<?xml version="1.0" encoding="UTF-8"?>
<!-- Generated by org.testng.reporters.JUnitXMLReporter -->
<testsuite hostname="LAPTOP-966JUI2U" ignored="0" name="Default test(failed)" tests="2" failures="0" timestamp="2024-08-28T23:56:22 IST" time="0.048" errors="0">
  <testcase name="testPostUser" time="0.0" classname="api.test.DDTest">
    <skipped/>
  </testcase> <!-- testPostUser -->
  <testcase name="testdeleteByUserName" time="0.0" classname="api.test.DDTest">
    <skipped/>
  </testcase> <!-- testdeleteByUserName -->
</testsuite> <!-- Default test(failed) -->
