<?xml version="1.0" encoding="UTF-8"?>
<!-- Generated by org.testng.reporters.JUnitXMLReporter -->
<testsuite hostname="LAPTOP-966JUI2U" ignored="0" name="testng.xml" tests="2" failures="0" timestamp="2024-08-29T13:05:53 IST" time="0.392" errors="0">
  <testcase name="testPostUser" time="0.0" classname="api.test.DDTest">
    <skipped/>
  </testcase> <!-- testPostUser -->
  <testcase name="testdeleteByUserName" time="0.0" classname="api.test.DDTest">
    <skipped/>
  </testcase> <!-- testdeleteByUserName -->
</testsuite> <!-- testng.xml -->
